2022-03-21 10:48:50 INFO  nopCommerce:33 - ******Launching browser**********
2022-03-21 10:48:50 INFO  nopCommerce:40 - ******Opening URL**********
2022-03-21 10:49:17 INFO  nopCommerce:49 - ******Providing Login Info**********
2022-03-21 10:49:17 INFO  nopCommerce:56 - ******Started Login r**********
2022-03-21 10:49:39 INFO  nopCommerce:209 - ******Searching customer by name**********
2022-03-21 10:49:43 INFO  nopCommerce:90 - ******Closing browser**********
2022-03-21 11:48:21 INFO  nopCommerce:60 - ******Launching browser**********
2022-03-21 11:48:21 INFO  nopCommerce:77 - ******Opening URL**********
2022-03-21 11:48:26 INFO  nopCommerce:86 - ******Providing Login Info**********
2022-03-21 11:48:26 INFO  nopCommerce:93 - ******Started Login r**********
2022-03-21 11:48:46 INFO  nopCommerce:246 - ******Searching customer by name**********
2022-03-21 11:48:49 INFO  nopCommerce:127 - ******Closing browser**********
2022-03-21 12:45:31 INFO  nopCommerce:62 - ******Launching browser**********
2022-03-21 12:45:32 INFO  nopCommerce:79 - ******Opening URL**********
2022-03-21 12:45:33 INFO  nopCommerce:88 - ******Providing Login Info**********
2022-03-21 12:45:34 INFO  nopCommerce:95 - ******Started Login r**********
2022-03-23 09:12:23 INFO  nopCommerce:61 - ******Launching browser**********
2022-03-23 09:12:23 INFO  nopCommerce:78 - ******Opening URL**********
2022-03-23 09:12:25 INFO  nopCommerce:87 - ******Providing Login Info**********
2022-03-23 09:12:26 INFO  nopCommerce:94 - ******Started Login r**********
2022-03-23 09:12:51 INFO  nopCommerce:184 - ******Adding new customer**********
2022-03-23 09:12:51 INFO  nopCommerce:185 - ******Providing customer details**********
2022-03-23 09:12:58 INFO  nopCommerce:203 - ******Saving customer data**********
2022-03-23 09:13:04 INFO  nopCommerce:128 - ******Closing browser**********
2022-03-23 10:33:10 INFO  nopCommerce:61 - ******Launching browser**********
2022-03-23 10:33:10 INFO  nopCommerce:78 - ******Opening URL**********
2022-03-23 10:33:12 INFO  nopCommerce:87 - ******Providing Login Info**********
2022-03-23 10:33:12 INFO  nopCommerce:94 - ******Started Login r**********
2022-03-23 11:30:03 INFO  nopCommerce:61 - ******Launching browser**********
2022-03-23 11:30:03 INFO  nopCommerce:78 - ******Opening URL**********
